#
# A fatal error has been detected by the Java Runtime Environment:
#
#  EXCEPTION_ACCESS_VIOLATION (0xc0000005) at pc=0x0000000075c40c32, pid=2440, tid=2396
#
# JRE version: Java(TM) SE Runtime Environment (7.0_51-b13) (build 1.7.0_51-b13)
# Java VM: Java HotSpot(TM) 64-Bit Server VM (24.51-b03 mixed mode windows-amd64 compressed oops)
# Problematic frame:
# V  [jvm.dll+0x40c32]
#
# Failed to write core dump. Minidumps are not enabled by default on client versions of Windows
#
# If you would like to submit a bug report, please visit:
#   http://bugreport.sun.com/bugreport/crash.jsp
#

---------------  T H R E A D  ---------------

Current thread (0x000000000290e000):  GCTaskThread [stack: 0x00000000063e0000,0x00000000064e0000] [id=2396]

siginfo: ExceptionCode=0xc0000005, reading address 0x00000000000000a8

Registers:
RAX=0x0000000000000000, RBX=0x00000000f42080e0, RCX=0x000000009b1968f0, RDX=0x00000000f42080e0
RSP=0x00000000064df868, RBP=0x0000000000000000, RSI=0x0000000009f706e0, RDI=0x0005e79600008f6b
R8 =0x0000000000000000, R9 =0x000000009b1968f0, R10=0x0000000000000003, R11=0x00000000064df980
R12=0x00000000761bf060, R13=0x0000000000000005, R14=0x0000000000000000, R15=0x000000000290e290
RIP=0x0000000075c40c32, EFLAGS=0x0000000000010246

Top of Stack: (sp=0x00000000064df868)
0x00000000064df868:   0000000075f9c216 00000000f42080c0
0x00000000064df878:   0000000000000004 0000000009f706e0
0x00000000064df888:   00007ffdc66d1148 0000000000000000
0x00000000064df898:   0000000000001000 00000000a1f5a830
0x00000000064df8a8:   0000000000000400 0000000000000000
0x00000000064df8b8:   0000000002905e01 00000000761bf060
0x00000000064df8c8:   0000000075f9c5a0 00000000ffe44aa8
0x00000000064df8d8:   0000000000000000 0000000009f706e0
0x00000000064df8e8:   0005e79600008f6b 00000000ffe44aa8
0x00000000064df8f8:   0000000075f9cfe5 00000000a1d9f800
0x00000000064df908:   0000000075f9f643 00000000ffe43830
0x00000000064df918:   0000000075f9c4ae 0005e79600008f6b
0x00000000064df928:   0000000009f706e0 00065a680000aa46
0x00000000064df938:   0005e79600008f6b 0000000000000400
0x00000000064df948:   0005e79500008f6b 00065a680000aa47
0x00000000064df958:   00065a680000aa49 000000000290e280 

Instructions: (pc=0x0000000075c40c32)
0x0000000075c40c12:   e2 49 8d 0c 11 49 f7 d1 48 03 c1 49 c1 e9 03 48
0x0000000075c40c22:   c1 e8 03 41 23 c1 c3 48 8b 02 48 8b d1 49 8b c9
0x0000000075c40c32:   48 ff a0 a8 00 00 00 cc cc cc cc cc cc cc 80 3d
0x0000000075c40c42:   f1 9f 70 00 00 48 8b c1 74 1f 8b 51 08 8b 0d 63 


Register to memory mapping:

RAX=0x0000000000000000 is an unknown value
RBX=0x00000000f42080e0 is an unknown value
RCX=0x000000009b1968f0 is pointing into object: 0x000000009b1968a0
{instance class} 
 - klass: {other class}
RDX=0x00000000f42080e0 is an unknown value
RSP=0x00000000064df868 is an unknown value
RBP=0x0000000000000000 is an unknown value
RSI=0x0000000009f706e0 is an unknown value
RDI=0x0005e79600008f6b is an unknown value
R8 =0x0000000000000000 is an unknown value
R9 =0x000000009b1968f0 is pointing into object: 0x000000009b1968a0
{instance class} 
 - klass: {other class}
R10=0x0000000000000003 is an unknown value
R11=0x00000000064df980 is an unknown value
R12=0x00000000761bf060 is an unknown value
R13=0x0000000000000005 is an unknown value
R14=0x0000000000000000 is an unknown value
R15=0x000000000290e290 is an unknown value


Stack: [0x00000000063e0000,0x00000000064e0000],  sp=0x00000000064df868,  free space=1022k
Native frames: (J=compiled Java code, j=interpreted, Vv=VM code, C=native code)
V  [jvm.dll+0x40c32]

[error occurred during error reporting (printing native stack), id 0xc0000005]


---------------  P R O C E S S  ---------------

Java Threads: ( => current thread )
  0x000000000c34e800 JavaThread "Thread-2" [_thread_blocked, id=5896, stack(0x0000000013210000,0x0000000013310000)]
  0x000000000c2cf000 JavaThread "TimerQueue" daemon [_thread_blocked, id=5632, stack(0x0000000013110000,0x0000000013210000)]
  0x000000000c11a000 JavaThread "D3D Screen Updater" daemon [_thread_blocked, id=3636, stack(0x0000000010f20000,0x0000000011020000)]
  0x00000000028ee800 JavaThread "DestroyJavaVM" [_thread_blocked, id=1820, stack(0x0000000002770000,0x0000000002870000)]
  0x000000000c119800 JavaThread "AWT-EventQueue-0" [_thread_blocked, id=5400, stack(0x0000000010520000,0x0000000010620000)]
  0x000000000c07f800 JavaThread "AWT-Windows" daemon [_thread_in_native, id=3884, stack(0x000000000ce20000,0x000000000cf20000)]
  0x000000000c07a000 JavaThread "AWT-Shutdown" [_thread_blocked, id=5732, stack(0x000000000cd20000,0x000000000ce20000)]
  0x000000000c079000 JavaThread "Java2D Disposer" daemon [_thread_blocked, id=5944, stack(0x000000000cc20000,0x000000000cd20000)]
  0x00000000029e3800 JavaThread "Service Thread" daemon [_thread_blocked, id=5556, stack(0x000000000c750000,0x000000000c850000)]
  0x00000000029df000 JavaThread "C2 CompilerThread1" daemon [_thread_blocked, id=5176, stack(0x000000000c650000,0x000000000c750000)]
  0x00000000029dd000 JavaThread "C2 CompilerThread0" daemon [_thread_blocked, id=212, stack(0x000000000c550000,0x000000000c650000)]
  0x000000000bf71000 JavaThread "Attach Listener" daemon [_thread_blocked, id=5412, stack(0x000000000c450000,0x000000000c550000)]
  0x000000000bf70800 JavaThread "Signal Dispatcher" daemon [_thread_blocked, id=4400, stack(0x000000000c350000,0x000000000c450000)]
  0x0000000009f7f800 JavaThread "Finalizer" daemon [_thread_blocked, id=748, stack(0x000000000be50000,0x000000000bf50000)]
  0x0000000009f79000 JavaThread "Reference Handler" daemon [_thread_blocked, id=3556, stack(0x000000000bd50000,0x000000000be50000)]

Other Threads:
  0x0000000009f74000 VMThread [stack: 0x000000000bc50000,0x000000000bd50000] [id=124]
  0x00000000029ee800 WatcherThread [stack: 0x000000000c850000,0x000000000c950000] [id=1788]

=>0x000000000290e000 (exited) GCTaskThread [stack: 0x00000000063e0000,0x00000000064e0000] [id=2396]

VM state:at safepoint (normal execution)

VM Mutex/Monitor currently owned by a thread:  ([mutex/lock_event])
[0x00000000028eb690] Threads_lock - owner thread: 0x0000000009f74000
[0x00000000028eb990] Heap_lock - owner thread: 0x000000000c34e800

Heap
 PSYoungGen      total 504832K, used 504384K [0x00000000e0080000, 0x0000000100000000, 0x0000000100000000)
  eden space 502784K, 100% used [0x00000000e0080000,0x00000000feb80000,0x00000000feb80000)
  from space 2048K, 78% used [0x00000000feb80000,0x00000000fed10000,0x00000000fed80000)
  to   space 2560K, 50% used [0x00000000ffd80000,0x00000000ffec0000,0x0000000100000000)
 ParOldGen       total 62976K, used 30410K [0x00000000a0200000, 0x00000000a3f80000, 0x00000000e0080000)
  object space 62976K, 48% used [0x00000000a0200000,0x00000000a1fb2830,0x00000000a3f80000)
 PSPermGen       total 21504K, used 10907K [0x000000009b000000, 0x000000009c500000, 0x00000000a0200000)
  object space 21504K, 50% used [0x000000009b000000,0x000000009baa6eb8,0x000000009c500000)

Card table byte_map: [0x0000000005ab0000,0x0000000005de0000] byte_map_base: 0x00000000055d8000

Polling page: 0x0000000000e60000

Code Cache  [0x00000000029f0000, 0x0000000002c60000, 0x00000000059f0000)
 total_blobs=651 nmethods=227 adapters=377 free_code_cache=47897Kb largest_free_block=49014784

Compilation events (10 events):
Event: 16648.755 Thread 0x00000000029df000  237             javax.swing.RepaintManager$PaintManager::paint (189 bytes)
Event: 16649.003 Thread 0x00000000029df000 nmethod 237 0x0000000002b2ce50 code [0x0000000002b2d140, 0x0000000002b2e2f8]
Event: 16727.840 Thread 0x00000000029dd000  238             javax.swing.RepaintManager::collectDirtyComponents (344 bytes)
Event: 16728.012 Thread 0x00000000029dd000 nmethod 238 0x0000000002b173d0 code [0x0000000002b17600, 0x0000000002b185a0]
Event: 17867.465 Thread 0x00000000029df000  239             sun.java2d.pipe.BufferedContext::validate (518 bytes)
Event: 17867.632 Thread 0x00000000029df000 nmethod 239 0x0000000002b1c650 code [0x0000000002b1c8a0, 0x0000000002b1d770]
Event: 20314.021 Thread 0x00000000029dd000  240 % !         javax.swing.RepaintManager::addDirtyRegion0 @ 51 (205 bytes)
Event: 20314.066 Thread 0x00000000029dd000 nmethod 240% 0x0000000002a9bd90 code [0x0000000002a9bf40, 0x0000000002a9c6e0]
Event: 20320.028 Thread 0x00000000029df000  241   !         javax.swing.RepaintManager::addDirtyRegion0 (205 bytes)
Event: 20320.058 Thread 0x00000000029df000 nmethod 241 0x0000000002b30910 code [0x0000000002b30ae0, 0x0000000002b31290]

GC Heap History (10 events):
Event: 21973.915 GC heap after
Heap after GC invocations=18504 (full 63):
 PSYoungGen      total 356864K, used 800K [0x00000000e0080000, 0x00000000feb80000, 0x0000000100000000)
  eden space 355840K, 0% used [0x00000000e0080000,0x00000000e0080000,0x00000000f5c00000)
  from space 1024K, 78% used [0x00000000fe980000,0x00000000fea48000,0x00000000fea80000)
  to   space 1024K, 0% used [0x00000000fea80000,0x00000000fea80000,0x00000000feb80000)
 ParOldGen       total 62976K, used 24474K [0x00000000a0200000, 0x00000000a3f80000, 0x00000000e0080000)
  object space 62976K, 38% used [0x00000000a0200000,0x00000000a19e6830,0x00000000a3f80000)
 PSPermGen       total 21504K, used 10907K [0x000000009b000000, 0x000000009c500000, 0x00000000a0200000)
  object space 21504K, 50% used [0x000000009b000000,0x000000009baa6eb8,0x000000009c500000)
}
Event: 21974.755 GC heap before
{Heap before GC invocations=18505 (full 63):
 PSYoungGen      total 356864K, used 356640K [0x00000000e0080000, 0x00000000feb80000, 0x0000000100000000)
  eden space 355840K, 100% used [0x00000000e0080000,0x00000000f5c00000,0x00000000f5c00000)
  from space 1024K, 78% used [0x00000000fe980000,0x00000000fea48000,0x00000000fea80000)
  to   space 1024K, 0% used [0x00000000fea80000,0x00000000fea80000,0x00000000feb80000)
 ParOldGen       total 62976K, used 24474K [0x00000000a0200000, 0x00000000a3f80000, 0x00000000e0080000)
  object space 62976K, 38% used [0x00000000a0200000,0x00000000a19e6830,0x00000000a3f80000)
 PSPermGen       total 21504K, used 10907K [0x000000009b000000, 0x000000009c500000, 0x00000000a0200000)
  object space 21504K, 50% used [0x000000009b000000,0x000000009baa6eb8,0x000000009c500000)
Event: 21974.765 GC heap after
Heap after GC invocations=18505 (full 63):
 PSYoungGen      total 423936K, used 1024K [0x00000000e0080000, 0x00000000feb80000, 0x0000000100000000)
  eden space 422912K, 0% used [0x00000000e0080000,0x00000000e0080000,0x00000000f9d80000)
  from space 1024K, 100% used [0x00000000fea80000,0x00000000feb80000,0x00000000feb80000)
  to   space 1536K, 0% used [0x00000000fe880000,0x00000000fe880000,0x00000000fea00000)
 ParOldGen       total 62976K, used 25242K [0x00000000a0200000, 0x00000000a3f80000, 0x00000000e0080000)
  object space 62976K, 40% used [0x00000000a0200000,0x00000000a1aa6830,0x00000000a3f80000)
 PSPermGen       total 21504K, used 10907K [0x000000009b000000, 0x000000009c500000, 0x00000000a0200000)
  object space 21504K, 50% used [0x000000009b000000,0x000000009baa6eb8,0x000000009c500000)
}
Event: 21975.706 GC heap before
{Heap before GC invocations=18506 (full 63):
 PSYoungGen      total 423936K, used 423936K [0x00000000e0080000, 0x00000000feb80000, 0x0000000100000000)
  eden space 422912K, 100% used [0x00000000e0080000,0x00000000f9d80000,0x00000000f9d80000)
  from space 1024K, 100% used [0x00000000fea80000,0x00000000feb80000,0x00000000feb80000)
  to   space 1536K, 0% used [0x00000000fe880000,0x00000000fe880000,0x00000000fea00000)
 ParOldGen       total 62976K, used 25242K [0x00000000a0200000, 0x00000000a3f80000, 0x00000000e0080000)
  object space 62976K, 40% used [0x00000000a0200000,0x00000000a1aa6830,0x00000000a3f80000)
 PSPermGen       total 21504K, used 10907K [0x000000009b000000, 0x000000009c500000, 0x00000000a0200000)
  object space 21504K, 50% used [0x000000009b000000,0x000000009baa6eb8,0x000000009c500000)
Event: 21975.715 GC heap after
Heap after GC invocations=18506 (full 63):
 PSYoungGen      total 501248K, used 1376K [0x00000000e0080000, 0x00000000fef80000, 0x0000000100000000)
  eden space 499712K, 0% used [0x00000000e0080000,0x00000000e0080000,0x00000000fe880000)
  from space 1536K, 89% used [0x00000000fe880000,0x00000000fe9d8000,0x00000000fea00000)
  to   space 2048K, 0% used [0x00000000fed80000,0x00000000fed80000,0x00000000fef80000)
 ParOldGen       total 62976K, used 26266K [0x00000000a0200000, 0x00000000a3f80000, 0x00000000e0080000)
  object space 62976K, 41% used [0x00000000a0200000,0x00000000a1ba6830,0x00000000a3f80000)
 PSPermGen       total 21504K, used 10907K [0x000000009b000000, 0x000000009c500000, 0x00000000a0200000)
  object space 21504K, 50% used [0x000000009b000000,0x000000009baa6eb8,0x000000009c500000)
}
Event: 21976.796 GC heap before
{Heap before GC invocations=18507 (full 63):
 PSYoungGen      total 501248K, used 501088K [0x00000000e0080000, 0x00000000fef80000, 0x0000000100000000)
  eden space 499712K, 100% used [0x00000000e0080000,0x00000000fe880000,0x00000000fe880000)
  from space 1536K, 89% used [0x00000000fe880000,0x00000000fe9d8000,0x00000000fea00000)
  to   space 2048K, 0% used [0x00000000fed80000,0x00000000fed80000,0x00000000fef80000)
 ParOldGen       total 62976K, used 26266K [0x00000000a0200000, 0x00000000a3f80000, 0x00000000e0080000)
  object space 62976K, 41% used [0x00000000a0200000,0x00000000a1ba6830,0x00000000a3f80000)
 PSPermGen       total 21504K, used 10907K [0x000000009b000000, 0x000000009c500000, 0x00000000a0200000)
  object space 21504K, 50% used [0x000000009b000000,0x000000009baa6eb8,0x000000009c500000)
Event: 21976.807 GC heap after
Heap after GC invocations=18507 (full 63):
 PSYoungGen      total 504832K, used 1504K [0x00000000e0080000, 0x0000000100000000, 0x0000000100000000)
  eden space 502784K, 0% used [0x00000000e0080000,0x00000000e0080000,0x00000000feb80000)
  from space 2048K, 73% used [0x00000000fed80000,0x00000000feef8000,0x00000000fef80000)
  to   space 2048K, 0% used [0x00000000feb80000,0x00000000feb80000,0x00000000fed80000)
 ParOldGen       total 62976K, used 27482K [0x00000000a0200000, 0x00000000a3f80000, 0x00000000e0080000)
  object space 62976K, 43% used [0x00000000a0200000,0x00000000a1cd6830,0x00000000a3f80000)
 PSPermGen       total 21504K, used 10907K [0x000000009b000000, 0x000000009c500000, 0x00000000a0200000)
  object space 21504K, 50% used [0x000000009b000000,0x000000009baa6eb8,0x000000009c500000)
}
Event: 21977.868 GC heap before
{Heap before GC invocations=18508 (full 63):
 PSYoungGen      total 504832K, used 504288K [0x00000000e0080000, 0x0000000100000000, 0x0000000100000000)
  eden space 502784K, 100% used [0x00000000e0080000,0x00000000feb80000,0x00000000feb80000)
  from space 2048K, 73% used [0x00000000fed80000,0x00000000feef8000,0x00000000fef80000)
  to   space 2048K, 0% used [0x00000000feb80000,0x00000000feb80000,0x00000000fed80000)
 ParOldGen       total 62976K, used 27482K [0x00000000a0200000, 0x00000000a3f80000, 0x00000000e0080000)
  object space 62976K, 43% used [0x00000000a0200000,0x00000000a1cd6830,0x00000000a3f80000)
 PSPermGen       total 21504K, used 10907K [0x000000009b000000, 0x000000009c500000, 0x00000000a0200000)
  object space 21504K, 50% used [0x000000009b000000,0x000000009baa6eb8,0x000000009c500000)
Event: 21977.881 GC heap after
Heap after GC invocations=18508 (full 63):
 PSYoungGen      total 504832K, used 1600K [0x00000000e0080000, 0x0000000100000000, 0x0000000100000000)
  eden space 502784K, 0% used [0x00000000e0080000,0x00000000e0080000,0x00000000feb80000)
  from space 2048K, 78% used [0x00000000feb80000,0x00000000fed10000,0x00000000fed80000)
  to   space 2560K, 0% used [0x00000000ffd80000,0x00000000ffd80000,0x0000000100000000)
 ParOldGen       total 62976K, used 28930K [0x00000000a0200000, 0x00000000a3f80000, 0x00000000e0080000)
  object space 62976K, 45% used [0x00000000a0200000,0x00000000a1e40830,0x00000000a3f80000)
 PSPermGen       total 21504K, used 10907K [0x000000009b000000, 0x000000009c500000, 0x00000000a0200000)
  object space 21504K, 50% used [0x000000009b000000,0x000000009baa6eb8,0x000000009c500000)
}
Event: 21978.966 GC heap before
{Heap before GC invocations=18509 (full 63):
 PSYoungGen      total 504832K, used 504384K [0x00000000e0080000, 0x0000000100000000, 0x0000000100000000)
  eden space 502784K, 100% used [0x00000000e0080000,0x00000000feb80000,0x00000000feb80000)
  from space 2048K, 78% used [0x00000000feb80000,0x00000000fed10000,0x00000000fed80000)
  to   space 2560K, 0% used [0x00000000ffd80000,0x00000000ffd80000,0x0000000100000000)
 ParOldGen       total 62976K, used 28930K [0x00000000a0200000, 0x00000000a3f80000, 0x00000000e0080000)
  object space 62976K, 45% used [0x00000000a0200000,0x00000000a1e40830,0x00000000a3f80000)
 PSPermGen       total 21504K, used 10907K [0x000000009b000000, 0x000000009c500000, 0x00000000a0200000)
  object space 21504K, 50% used [0x000000009b000000,0x000000009baa6eb8,0x000000009c500000)

Deoptimization events (10 events):
Event: 15106.045 Thread 0x000000000c119800 Uncommon trap: reason=bimorphic action=maybe_recompile pc=0x0000000002afdf24 method=sun.java2d.SunGraphics2D.validateColor()V @ 94
Event: 15106.049 Thread 0x000000000c119800 Uncommon trap: reason=bimorphic action=maybe_recompile pc=0x0000000002af5f00 method=sun.java2d.SunGraphics2D.validateColor()V @ 94
Event: 15106.049 Thread 0x000000000c119800 Uncommon trap: reason=bimorphic action=maybe_recompile pc=0x0000000002af5f00 method=sun.java2d.SunGraphics2D.validateColor()V @ 94
Event: 15106.074 Thread 0x000000000c119800 Uncommon trap: reason=bimorphic action=maybe_recompile pc=0x0000000002afdf24 method=sun.java2d.SunGraphics2D.validateColor()V @ 94
Event: 15106.077 Thread 0x000000000c119800 Uncommon trap: reason=bimorphic action=maybe_recompile pc=0x0000000002af5f00 method=sun.java2d.SunGraphics2D.validateColor()V @ 94
Event: 15106.184 Thread 0x000000000c119800 Uncommon trap: reason=class_check action=maybe_recompile pc=0x0000000002acdd9c method=java.util.concurrent.locks.AbstractQueuedSynchronizer.release(I)Z @ 2
Event: 15106.197 Thread 0x000000000c119800 Uncommon trap: reason=class_check action=maybe_recompile pc=0x0000000002acdd9c method=java.util.concurrent.locks.AbstractQueuedSynchronizer.release(I)Z @ 2
Event: 15106.221 Thread 0x000000000c119800 Uncommon trap: reason=unreached action=reinterpret pc=0x0000000002b1a34c method=sun.java2d.pipe.BufferedContext.validate(Lsun/java2d/pipe/hw/AccelSurface;Lsun/java2d/pipe/hw/AccelSurface;Lsun/java2d/pipe/Region;Ljava/awt/Composite;Ljava/awt/geom/AffineTran0·kÅÕ@
Event: 15106.222 Thread 0x000000000c119800 Uncommon trap: reason=null_check action=make_not_entrant pc=0x0000000002b0576c method=javax.swing.RepaintManager.getVolatileOffscreenBuffer(Ljava/awt/Component;II)Ljava/awt/Image; @ 172
Event: 15108.210 Thread 0x000000000c119800 Uncommon trap: reason=class_check action=maybe_recompile pc=0x0000000002acdd9c method=java.util.concurrent.locks.AbstractQueuedSynchronizer.release(I)Z @ 2

Internal exceptions (10 events):
Event: 1.725 Thread 0x00000000028ee800 Threw 0x00000000e07adb10 at C:\re\jdk7u51\527\hotspot\src\share\vm\prims\jvm.cpp:1244
Event: 7.881 Thread 0x000000000c119800 Threw 0x00000000e035a158 at C:\re\jdk7u51\527\hotspot\src\share\vm\prims\jvm.cpp:1244
Event: 7.885 Thread 0x000000000c34e800 Threw 0x00000000e08cf5f8 at C:\re\jdk7u51\527\hotspot\src\share\vm\prims\jvm.cpp:1244
Event: 7.896 Thread 0x000000000c34e800 Threw 0x00000000e08e2cc0 at C:\re\jdk7u51\527\hotspot\src\share\vm\prims\jvm.cpp:1244
Event: 7.899 Thread 0x000000000c34e800 Threw 0x00000000e08e7160 at C:\re\jdk7u51\527\hotspot\src\share\vm\prims\jvm.cpp:1244
Event: 7.903 Thread 0x000000000c34e800 Threw 0x00000000e08ee3b0 at C:\re\jdk7u51\527\hotspot\src\share\vm\prims\jvm.cpp:1244
Event: 35.327 Thread 0x000000000c34e800 Implicit null exception at 0x0000000002a8dd5a to 0x0000000002a8f39d
Event: 252.733 Thread 0x000000000c34e800 Implicit null exception at 0x0000000002aa74c5 to 0x0000000002aa8749
Event: 13369.963 Thread 0x000000000c119800 Implicit null exception at 0x0000000002aae724 to 0x0000000002aaea18
Event: 15106.222 Thread 0x000000000c119800 Implicit null exception at 0x0000000002b04f98 to 0x0000000002b0573d

Events (10 events):
Event: 21973.915 Executing VM operation: ParallelGCFailedAllocation done
Event: 21974.755 Executing VM operation: ParallelGCFailedAllocation
Event: 21974.765 Executing VM operation: ParallelGCFailedAllocation done
Event: 21975.706 Executing VM operation: ParallelGCFailedAllocation
Event: 21975.715 Executing VM operation: ParallelGCFailedAllocation done
Event: 21976.796 Executing VM operation: ParallelGCFailedAllocation
Event: 21976.807 Executing VM operation: ParallelGCFailedAllocation done
Event: 21977.867 Executing VM operation: ParallelGCFailedAllocation
Event: 21977.881 Executing VM operation: ParallelGCFailedAllocation done
Event: 21978.966 Executing VM operation: ParallelGCFailedAllocation


Dynamic libraries:
0x00007ff6bb6a0000 - 0x00007ff6bb6d3000 	C:\Program Files\Java\jre7\bin\javaw.exe
0x00007ffdc90a0000 - 0x00007ffdc9249000 	C:\WINDOWS\SYSTEM32\ntdll.dll
0x00007ffdc69f0000 - 0x00007ffdc6b29000 	C:\WINDOWS\system32\KERNEL32.DLL
0x00007ffdc66d0000 - 0x00007ffdc67df000 	C:\WINDOWS\system32\KERNELBASE.dll
0x00007ffdc5050000 - 0x00007ffdc50db000 	C:\WINDOWS\system32\apphelp.dll
0x00007ffdb2610000 - 0x00007ffdb265f000 	C:\WINDOWS\AppPatch\AppPatch64\AcGenral.DLL
0x00007ffdc7710000 - 0x00007ffdc77b7000 	C:\WINDOWS\system32\msvcrt.dll
0x00007ffdc6260000 - 0x00007ffdc628b000 	C:\WINDOWS\SYSTEM32\SspiCli.dll
0x00007ffdc8c80000 - 0x00007ffdc8cd1000 	C:\WINDOWS\system32\SHLWAPI.dll
0x00007ffdc6d20000 - 0x00007ffdc6e91000 	C:\WINDOWS\system32\USER32.dll
0x00007ffdc73b0000 - 0x00007ffdc7526000 	C:\WINDOWS\system32\ole32.dll
0x00007ffdc77c0000 - 0x00007ffdc8bcf000 	C:\WINDOWS\system32\SHELL32.dll
0x00007ffdc5a30000 - 0x00007ffdc5a4f000 	C:\WINDOWS\SYSTEM32\USERENV.dll
0x00007ffdc7180000 - 0x00007ffdc7225000 	C:\WINDOWS\system32\ADVAPI32.dll
0x00007ffdbaa50000 - 0x00007ffdbaa6b000 	C:\WINDOWS\SYSTEM32\MPR.dll
0x00007ffdc8f60000 - 0x00007ffdc9096000 	C:\WINDOWS\system32\RPCRT4.dll
0x00007ffdc6ea0000 - 0x00007ffdc6ef7000 	C:\WINDOWS\SYSTEM32\sechost.dll
0x00007ffdc8d80000 - 0x00007ffdc8f57000 	C:\WINDOWS\SYSTEM32\combase.dll
0x00007ffdc7230000 - 0x00007ffdc7375000 	C:\WINDOWS\system32\GDI32.dll
0x00007ffdc6420000 - 0x00007ffdc6434000 	C:\WINDOWS\SYSTEM32\profapi.dll
0x00007ffdc4ad0000 - 0x00007ffdc4b71000 	C:\WINDOWS\SYSTEM32\SHCORE.dll
0x00007ffdc7530000 - 0x00007ffdc7564000 	C:\WINDOWS\system32\IMM32.DLL
0x00007ffdc75d0000 - 0x00007ffdc7708000 	C:\WINDOWS\system32\MSCTF.dll
0x00007ffdc42e0000 - 0x00007ffdc453a000 	C:\WINDOWS\WinSxS\amd64_microsoft.windows.common-controls_6595b64144ccf1df_6.0.9600.16384_none_62475f7becb72503\COMCTL32.dll
0x00000000763d0000 - 0x00000000764a2000 	C:\Program Files\Java\jre7\bin\msvcr100.dll
0x0000000075c00000 - 0x00000000763c9000 	C:\Program Files\Java\jre7\bin\server\jvm.dll
0x00007ffdbf0c0000 - 0x00007ffdbf0c9000 	C:\WINDOWS\SYSTEM32\WSOCK32.dll
0x00007ffdc18b0000 - 0x00007ffdc18cf000 	C:\WINDOWS\SYSTEM32\WINMM.dll
0x00007ffdc7380000 - 0x00007ffdc7387000 	C:\WINDOWS\system32\PSAPI.DLL
0x00007ffdc70c0000 - 0x00007ffdc7118000 	C:\WINDOWS\system32\WS2_32.dll
0x00007ffdbbb00000 - 0x00007ffdbbb2a000 	C:\WINDOWS\SYSTEM32\WINMMBASE.dll
0x00007ffdc73a0000 - 0x00007ffdc73a9000 	C:\WINDOWS\system32\NSI.dll
0x00007ffdc67e0000 - 0x00007ffdc682a000 	C:\WINDOWS\SYSTEM32\cfgmgr32.dll
0x00007ffdc52b0000 - 0x00007ffdc52d6000 	C:\WINDOWS\SYSTEM32\DEVOBJ.dll
0x0000000076d50000 - 0x0000000076d5f000 	C:\Program Files\Java\jre7\bin\verify.dll
0x0000000076d20000 - 0x0000000076d48000 	C:\Program Files\Java\jre7\bin\java.dll
0x0000000076d00000 - 0x0000000076d15000 	C:\Program Files\Java\jre7\bin\zip.dll
0x00000000759a0000 - 0x0000000075b35000 	C:\Program Files\Java\jre7\bin\awt.dll
0x00007ffdc6930000 - 0x00007ffdc69e7000 	C:\WINDOWS\system32\OLEAUT32.dll
0x00007ffdc4890000 - 0x00007ffdc48b1000 	C:\WINDOWS\system32\DWMAPI.DLL
0x00007ffdc5130000 - 0x00007ffdc5252000 	C:\WINDOWS\system32\uxtheme.dll
0x00007ffdc5120000 - 0x00007ffdc512a000 	C:\WINDOWS\SYSTEM32\kernel.appcore.dll
0x00007ffdc62f0000 - 0x00007ffdc62fa000 	C:\WINDOWS\SYSTEM32\CRYPTBASE.dll
0x00007ffdc6290000 - 0x00007ffdc62ee000 	C:\WINDOWS\SYSTEM32\bcryptPrimitives.dll
0x00007ffdbd920000 - 0x00007ffdbdb2a000 	C:\WINDOWS\system32\d3d9.dll
0x00007ffdc3660000 - 0x00007ffdc366a000 	C:\WINDOWS\SYSTEM32\VERSION.dll
0x00007ffdc3500000 - 0x00007ffdc3610000 	C:\WINDOWS\SYSTEM32\aticfx64.dll
0x00007ffdbb200000 - 0x00007ffdbb21f000 	C:\WINDOWS\SYSTEM32\atiu9p64.dll
0x00007ffdae150000 - 0x00007ffdae880000 	C:\WINDOWS\SYSTEM32\atiumd64.dll
0x0000000075580000 - 0x000000007599e000 	C:\WINDOWS\SYSTEM32\atiumd6a.dll
0x00000000764d0000 - 0x0000000076517000 	C:\Program Files\Java\jre7\bin\fontmanager.dll
0x0000000076ce0000 - 0x0000000076cf9000 	C:\Program Files\Java\jre7\bin\net.dll
0x00007ffdc5c80000 - 0x00007ffdc5cd8000 	C:\WINDOWS\system32\mswsock.dll
0x0000000075be0000 - 0x0000000075bf1000 	C:\Program Files\Java\jre7\bin\nio.dll
0x0000000075530000 - 0x0000000075571000 	C:\Program Files\Java\jre7\bin\t2k.dll
0x0000000075500000 - 0x0000000075530000 	C:\Program Files\Java\jre7\bin\jpeg.dll
0x00007ffdc37e0000 - 0x00007ffdc3968000 	C:\WINDOWS\SYSTEM32\dbghelp.dll

VM Arguments:
jvm_args: -Dfile.encoding=Cp1252 
java_command: main.NewModelMain
Launcher Type: SUN_STANDARD

Environment Variables:
PATH=C:\WINDOWS\system32;C:\WINDOWS;C:\WINDOWS\System32\Wbem;C:\WINDOWS\System32\WindowsPowerShell\v1.0\
USERNAME=Andrew
OS=Windows_NT
PROCESSOR_IDENTIFIER=Intel64 Family 6 Model 26 Stepping 5, GenuineIntel



---------------  S Y S T E M  ---------------

OS: Windows 8 , 64 bit Build 9200 

CPU:total 8 (4 cores per cpu, 2 threads per core) family 6 model 26 stepping 5, cmov, cx8, fxsr, mmx, sse, sse2, sse3, ssse3, sse4.1, sse4.2, popcnt, ht, tsc, tscinvbit, tscinv

Memory: 4k page, physical 6282356k(1134736k free), swap 7330932k(1200652k free)

vm_info: Java HotSpot(TM) 64-Bit Server VM (24.51-b03) for windows-amd64 JRE (1.7.0_51-b13), built on Dec 18 2013 18:40:56 by "java_re" with unknown MS VC++:1600

time: Fri Mar 14 17:01:08 2014
elapsed time: 21979 seconds

